STARTING AT Sun Dec 23 10:18:41 CET 2018
nvcc -Wno-deprecated-gpu-targets -c -O3 implementation.cu -o implementation.o
nvcc -Wno-deprecated-gpu-targets -c -O3 assignment4.cu -o assignment4.o
nvcc -Wno-deprecated-gpu-targets -lcudart -lcuda assignment4.o implementation.o -o assignment4
Host to Device MemCpy takes 2.544e-05s
Computation takes 0.000186s
Device to Host MemCpy takes 2.282e-05s
Running the algorithm on 10 by 10 array for 5 iteration takes 0.1076s
with 100 10
Host to Device MemCpy takes 9.437e-05s
Computation takes 0.0002729s
Device to Host MemCpy takes 4.448e-05s
Running the algorithm on 100 by 100 array for 10 iteration takes 0.1083s
with 100 1000
Host to Device MemCpy takes 9.645e-05s
Computation takes 0.01662s
Device to Host MemCpy takes 4.461e-05s
Running the algorithm on 100 by 100 array for 1000 iteration takes 0.1237s
with 1000 100
Host to Device MemCpy takes 0.004637s
Computation takes 0.02533s
Device to Host MemCpy takes 0.001718s
Running the algorithm on 1000 by 1000 array for 100 iteration takes 0.1382s
with 1000 10000
Host to Device MemCpy takes 0.004573s
Computation takes 2.528s
Device to Host MemCpy takes 0.002575s
Running the algorithm on 1000 by 1000 array for 10000 iteration takes 2.644s
FINISHED at Sun Dec 23 10:19:00 CET 2018
